info it worked if it ends with ok
verbose cli [ 'node', '/usr/bin/npm', '-g', 'install', 'gulp' ]
info using npm@1.1.4
info using node@v0.6.12
verbose config file /home/osamah/.npmrc
verbose config file /usr/etc/npmrc
verbose config file /usr/share/npm/npmrc
silly exec /usr/bin/node "/usr/share/npm/bin/npm-get-uid-gid.js" "nobody" 1000
silly spawning [ '/usr/bin/node',
silly spawning   [ '/usr/share/npm/bin/npm-get-uid-gid.js', 'nobody', 1000 ],
silly spawning   null ]
silly output from getuid/gid {"uid":65534,"gid":1000}
silly output from getuid/gid 
verbose cache add [ 'gulp', null ]
silly cache add: name, spec, args [ undefined, 'gulp', [ 'gulp', null ] ]
verbose parsed url { pathname: 'gulp', path: 'gulp', href: 'gulp' }
verbose addNamed [ 'gulp', '' ]
verbose addNamed [ null, '' ]
silly name, range, hasData [ 'gulp', '', false ]
verbose raw, before any munging gulp
verbose url resolving [ 'http://registry.npmjs.org/', './gulp' ]
verbose url resolved http://registry.npmjs.org/gulp
verbose etag "6CJ39OTOYNPVC0ZY9TIQMPMT1"
http GET http://registry.npmjs.org/gulp
http 304 http://registry.npmjs.org/gulp
silly get cb [ 304,
silly get cb   { date: 'Wed, 24 Jun 2015 03:45:09 GMT',
silly get cb     via: '1.1 varnish',
silly get cb     'cache-control': 'max-age=60',
silly get cb     etag: '"6CJ39OTOYNPVC0ZY9TIQMPMT1"',
silly get cb     age: '30',
silly get cb     connection: 'keep-alive',
silly get cb     'x-served-by': 'cache-ord1731-ORD',
silly get cb     'x-cache': 'HIT',
silly get cb     'x-cache-hits': '1',
silly get cb     'x-timer': 'S1435117509.865085,VS0,VE0',
silly get cb     vary: 'Accept' } ]
verbose etag gulp from cache
silly name, range, hasData 2 [ 'gulp', '', true ]
silly versions [ 'gulp', [ '0.0.2', '0.0.3', '0.0.4', '0.0.5' ] ]
verbose bin dist [ '0.6-ares1.7.5-evundefined-openssl1.0.1-v83.7.12.22-linux-arm-3.8.11',
verbose bin dist   { shasum: '6bda657a8c2e0cffb15a673b3d196814c31eaa73',
verbose bin dist     tarball: 'http://registry.npmjs.org/gulp/-/gulp-0.0.5.tgz' } ]
verbose caching /home/osamah/.npm/gulp/0.0.5/package/package.json
verbose loadDefaults gulp@0.0.5
silly resolved [ { name: 'gulp',
silly resolved     description: 'Simple stream-y build helper',
silly resolved     version: '0.0.5',
silly resolved     homepage: 'http://github.com/wearefractal/gulp',
silly resolved     repository: { type: 'git', url: 'git://github.com/wearefractal/gulp.git' },
silly resolved     author: 
silly resolved      { name: 'Fractal',
silly resolved        email: 'contact@wearefractal.com',
silly resolved        url: 'http://wearefractal.com/' },
silly resolved     main: './index.js',
silly resolved     preferGlobal: true,
silly resolved     bin: { gulp: './bin/gulp' },
silly resolved     dependencies: { async: '*', 'event-stream': '*', 'glob-stream': '*' },
silly resolved     devDependencies: { mocha: '*', should: '*' },
silly resolved     scripts: { test: 'mocha' },
silly resolved     engines: { node: '>= 0.6' },
silly resolved     licenses: 
silly resolved      [ { type: 'MIT',
silly resolved          url: 'http://github.com/wearefractal/gulp/raw/master/LICENSE' } ],
silly resolved     _id: 'gulp@0.0.5',
silly resolved     optionalDependencies: {},
silly resolved     _engineSupported: true,
silly resolved     _npmVersion: '1.1.4',
silly resolved     _nodeVersion: 'v0.6.12',
silly resolved     _defaultsLoaded: true,
silly resolved     _from: 'gulp' } ]
info into /usr/local/lib gulp@0.0.5
info installOne gulp@0.0.5
verbose from cache /home/osamah/.npm/gulp/0.0.5/package/package.json
info unbuild /usr/local/lib/node_modules/gulp
verbose mkdir (expected) error ENOENT, no such file or directory '/usr/local/lib/node_modules/___gulp.npm'
verbose mkdir done: /usr/local/lib/node_modules/___gulp.npm 755
verbose unpack_ uid, gid [ 65534, 1000 ]
verbose unpackTarget /usr/local/lib/node_modules/gulp
silly gunzTarPerm modes [ '755', '644' ]
silly afterUntar ok
silly asyncMap in gTP /usr/local/lib/node_modules/___gulp.npm/package
silly asyncMap in gTP /usr/local/lib/node_modules/___gulp.npm/package/README.md
silly asyncMap in gTP /usr/local/lib/node_modules/___gulp.npm/package/index.js
silly asyncMap in gTP /usr/local/lib/node_modules/___gulp.npm/package/.travis.yml
silly asyncMap in gTP /usr/local/lib/node_modules/___gulp.npm/package/LICENSE
silly asyncMap in gTP /usr/local/lib/node_modules/___gulp.npm/package/.npmignore
silly asyncMap in gTP /usr/local/lib/node_modules/___gulp.npm/package/package.json
silly asyncMap in gTP /usr/local/lib/node_modules/___gulp.npm/package/bin
silly asyncMap in gTP /usr/local/lib/node_modules/___gulp.npm/package/bin/gulp
silly asyncMap in gTP /usr/local/lib/node_modules/___gulp.npm/package/lib
silly asyncMap in gTP /usr/local/lib/node_modules/___gulp.npm/package/lib/createFileStream.js
silly asyncMap in gTP /usr/local/lib/node_modules/___gulp.npm/package/lib/normalize.js
silly asyncMap in gTP /usr/local/lib/node_modules/___gulp.npm/package/lib/readFile.js
silly asyncMap in gTP /usr/local/lib/node_modules/___gulp.npm/package/lib/createFilesStream.js
silly asyncMap in gTP /usr/local/lib/node_modules/___gulp.npm/package/test
silly asyncMap in gTP /usr/local/lib/node_modules/___gulp.npm/package/test/tasks.js
silly asyncMap in gTP /usr/local/lib/node_modules/___gulp.npm/package/test/file-utils.js
silly asyncMap in gTP /usr/local/lib/node_modules/___gulp.npm/package/test/files.js
silly asyncMap in gTP /usr/local/lib/node_modules/___gulp.npm/package/test/file.js
silly asyncMap in gTP /usr/local/lib/node_modules/___gulp.npm/package/test/fixtures
silly asyncMap in gTP /usr/local/lib/node_modules/___gulp.npm/package/test/fixtures/test.coffee
silly asyncMap in gTP /usr/local/lib/node_modules/___gulp.npm/package/test/fixtures/stuff
silly asyncMap in gTP /usr/local/lib/node_modules/___gulp.npm/package/test/fixtures/stuff/test.dmc
silly asyncMap in gTP /usr/local/lib/node_modules/___gulp.npm/package/test/fixtures/stuff/run.dmc
silly asyncMap in gTP /usr/local/lib/node_modules/___gulp.npm/package/test/fixtures/test
silly asyncMap in gTP /usr/local/lib/node_modules/___gulp.npm/package/test/fixtures/test/run.jade
verbose gunzed /usr/local/lib/node_modules/___gulp.npm/package
verbose rm'ed /usr/local/lib/node_modules/gulp
verbose renamed [ '/usr/local/lib/node_modules/___gulp.npm/package',
verbose renamed   '/usr/local/lib/node_modules/gulp' ]
verbose caching /usr/local/lib/node_modules/gulp/package.json
verbose loadDefaults gulp@0.0.5
info preinstall gulp@0.0.5
verbose from cache /usr/local/lib/node_modules/gulp/package.json
verbose readDependencies: using package.json deps
verbose from cache /usr/local/lib/node_modules/gulp/package.json
verbose readDependencies: using package.json deps
verbose cache add [ 'async@*', null ]
silly cache add: name, spec, args [ undefined, 'async@*', [ 'async@*', null ] ]
verbose parsed url { pathname: 'async@*', path: 'async@*', href: 'async@*' }
silly cache add: name, spec, args [ 'async', '*', [ 'async', '*' ] ]
verbose parsed url { pathname: '*', path: '*', href: '*' }
verbose addNamed [ 'async', '*' ]
verbose addNamed [ null, '' ]
silly name, range, hasData [ 'async', '', false ]
verbose cache add [ 'event-stream@*', null ]
silly cache add: name, spec, args [ undefined, 'event-stream@*', [ 'event-stream@*', null ] ]
verbose parsed url { pathname: 'event-stream@*',
verbose parsed url   path: 'event-stream@*',
verbose parsed url   href: 'event-stream@*' }
silly cache add: name, spec, args [ 'event-stream', '*', [ 'event-stream', '*' ] ]
verbose parsed url { pathname: '*', path: '*', href: '*' }
verbose addNamed [ 'event-stream', '*' ]
verbose addNamed [ null, '' ]
silly name, range, hasData [ 'event-stream', '', false ]
verbose cache add [ 'glob-stream@*', null ]
silly cache add: name, spec, args [ undefined, 'glob-stream@*', [ 'glob-stream@*', null ] ]
verbose parsed url { pathname: 'glob-stream@*',
verbose parsed url   path: 'glob-stream@*',
verbose parsed url   href: 'glob-stream@*' }
silly cache add: name, spec, args [ 'glob-stream', '*', [ 'glob-stream', '*' ] ]
verbose parsed url { pathname: '*', path: '*', href: '*' }
verbose addNamed [ 'glob-stream', '*' ]
verbose addNamed [ null, '' ]
silly name, range, hasData [ 'glob-stream', '', false ]
verbose raw, before any munging async
verbose url resolving [ 'http://registry.npmjs.org/', './async' ]
verbose url resolved http://registry.npmjs.org/async
verbose etag "AZB9TPUIXO9DRNZ8H3RCN2NY3"
http GET http://registry.npmjs.org/async
verbose raw, before any munging event-stream
verbose url resolving [ 'http://registry.npmjs.org/', './event-stream' ]
verbose url resolved http://registry.npmjs.org/event-stream
verbose etag "64JVGKNK3FINBSUE45506A2QQ"
http GET http://registry.npmjs.org/event-stream
verbose raw, before any munging glob-stream
verbose url resolving [ 'http://registry.npmjs.org/', './glob-stream' ]
verbose url resolved http://registry.npmjs.org/glob-stream
verbose etag "76P5PU1LVCSC5GZS3EC7WZ5AU"
http GET http://registry.npmjs.org/glob-stream
http 304 http://registry.npmjs.org/async
silly get cb [ 304,
silly get cb   { date: 'Wed, 24 Jun 2015 03:45:10 GMT',
silly get cb     via: '1.1 varnish',
silly get cb     'cache-control': 'max-age=60',
silly get cb     etag: '"AZB9TPUIXO9DRNZ8H3RCN2NY3"',
silly get cb     age: '8',
silly get cb     connection: 'keep-alive',
silly get cb     'x-served-by': 'cache-ord1726-ORD',
silly get cb     'x-cache': 'HIT',
silly get cb     'x-cache-hits': '1',
silly get cb     'x-timer': 'S1435117510.215129,VS0,VE0',
silly get cb     vary: 'Accept' } ]
verbose etag async from cache
silly name, range, hasData 2 [ 'async', '', true ]
silly versions [ 'async',
silly versions   [ '0.1.0',
silly versions     '0.1.1',
silly versions     '0.1.2',
silly versions     '0.1.3',
silly versions     '0.1.4',
silly versions     '0.1.5',
silly versions     '0.1.6',
silly versions     '0.1.7',
silly versions     '0.1.8',
silly versions     '0.1.9',
silly versions     '0.1.10',
silly versions     '0.1.11',
silly versions     '0.1.12',
silly versions     '0.1.13',
silly versions     '0.1.14',
silly versions     '0.1.15',
silly versions     '0.1.16',
silly versions     '0.1.17',
silly versions     '0.1.18',
silly versions     '0.1.19',
silly versions     '0.1.20',
silly versions     '0.1.21',
silly versions     '0.1.22',
silly versions     '0.2.0',
silly versions     '0.2.1',
silly versions     '0.2.2',
silly versions     '0.2.3',
silly versions     '0.2.4',
silly versions     '0.2.5',
silly versions     '0.2.6',
silly versions     '0.2.7',
silly versions     '0.2.8',
silly versions     '0.2.9',
silly versions     '0.2.10',
silly versions     '0.3.0',
silly versions     '0.4.0',
silly versions     '0.4.1',
silly versions     '0.5.0',
silly versions     '0.6.0',
silly versions     '0.6.1',
silly versions     '0.6.2',
silly versions     '0.7.0',
silly versions     '0.8.0',
silly versions     '0.9.0',
silly versions     '0.9.2',
silly versions     '1.0.0',
silly versions     '1.1.0',
silly versions     '1.2.0',
silly versions     '1.1.1',
silly versions     '1.2.1' ] ]
verbose bin dist [ '0.6-ares1.7.5-evundefined-openssl1.0.1-v83.7.12.22-linux-arm-3.8.11',
verbose bin dist   { shasum: 'a4816a17cd5ff516dfa2c7698a453369b9790de0',
verbose bin dist     tarball: 'http://registry.npmjs.org/async/-/async-1.2.1.tgz' } ]
verbose caching /home/osamah/.npm/async/1.2.1/package/package.json
verbose loadDefaults async@1.2.1
http 304 http://registry.npmjs.org/glob-stream
silly get cb [ 304,
silly get cb   { date: 'Wed, 24 Jun 2015 03:45:10 GMT',
silly get cb     via: '1.1 varnish',
silly get cb     'cache-control': 'max-age=60',
silly get cb     etag: '"76P5PU1LVCSC5GZS3EC7WZ5AU"',
silly get cb     age: '33',
silly get cb     connection: 'keep-alive',
silly get cb     'x-served-by': 'cache-ord1720-ORD',
silly get cb     'x-cache': 'HIT',
silly get cb     'x-cache-hits': '3',
silly get cb     'x-timer': 'S1435117510.220325,VS0,VE0',
silly get cb     vary: 'Accept' } ]
verbose etag glob-stream from cache
silly name, range, hasData 2 [ 'glob-stream', '', true ]
silly versions [ 'glob-stream', [ '0.0.1', '0.0.2', '0.0.3' ] ]
verbose bin dist [ '0.6-ares1.7.5-evundefined-openssl1.0.1-v83.7.12.22-linux-arm-3.8.11',
verbose bin dist   { shasum: '022611081245df72488471689dd3914b3ac01bd2',
verbose bin dist     tarball: 'http://registry.npmjs.org/glob-stream/-/glob-stream-0.0.3.tgz' } ]
verbose caching /home/osamah/.npm/glob-stream/0.0.3/package/package.json
verbose loadDefaults glob-stream@0.0.3
http 304 http://registry.npmjs.org/event-stream
silly get cb [ 304,
silly get cb   { date: 'Wed, 24 Jun 2015 03:45:10 GMT',
silly get cb     via: '1.1 varnish',
silly get cb     'cache-control': 'max-age=60',
silly get cb     etag: '"64JVGKNK3FINBSUE45506A2QQ"',
silly get cb     age: '0',
silly get cb     connection: 'keep-alive',
silly get cb     'x-served-by': 'cache-ord1721-ORD',
silly get cb     'x-cache': 'HIT',
silly get cb     'x-cache-hits': '1',
silly get cb     'x-timer': 'S1435117510.220354,VS0,VE38',
silly get cb     vary: 'Accept' } ]
verbose etag event-stream from cache
